TpTrace Verbose: 0 : 49800, 1, 2022/09/14, 01:14:18.689, 6396401463297, vstest.console.dll, Version: 16.11.0
TpTrace Information: 0 : 49800, 1, 2022/09/14, 01:14:18.715, 6396401709546, vstest.console.dll, FilePatternParser: The given file C:\Users\2145670\Downloads\my microservice\Account Microservice\AccountMicroserviceTest\bin\Debug\net5.0\fine-code-coverage\build-output\AccountMicroserviceTest.dll is a full path.
TpTrace Verbose: 0 : 49800, 1, 2022/09/14, 01:14:18.739, 6396401945179, vstest.console.dll, TestPluginCache.DiscoverTestExtensions: finding test extensions in assemblies ends with: RuntimeProvider.dll TPluginInfo: Microsoft.VisualStudio.TestPlatform.Common.ExtensionFramework.Utilities.TestRuntimePluginInformation TExtension: Microsoft.VisualStudio.TestPlatform.ObjectModel.Host.ITestRuntimeProvider
TpTrace Verbose: 0 : 49800, 1, 2022/09/14, 01:14:18.744, 6396401995636, vstest.console.dll, TestPluginCache.GetExtensionPaths: Filtered extension paths: 
TpTrace Verbose: 0 : 49800, 1, 2022/09/14, 01:14:18.744, 6396402000091, vstest.console.dll, TestPluginCache.GetExtensionPaths: Added default extension paths: C:\Program Files\dotnet\sdk\5.0.408\Extensions\Microsoft.Diagnostics.NETCore.Client.dll
C:\Program Files\dotnet\sdk\5.0.408\Extensions\Microsoft.TestPlatform.Extensions.BlameDataCollector.dll
C:\Program Files\dotnet\sdk\5.0.408\Extensions\Microsoft.TestPlatform.Extensions.EventLogCollector.dll
C:\Program Files\dotnet\sdk\5.0.408\Extensions\Microsoft.TestPlatform.TestHostRuntimeProvider.dll
C:\Program Files\dotnet\sdk\5.0.408\Extensions\Microsoft.VisualStudio.TestPlatform.Extensions.Html.TestLogger.dll
C:\Program Files\dotnet\sdk\5.0.408\Extensions\Microsoft.VisualStudio.TestPlatform.Extensions.Trx.TestLogger.dll
TpTrace Verbose: 0 : 49800, 1, 2022/09/14, 01:14:18.745, 6396402001575, vstest.console.dll, TestPluginCache.GetExtensionPaths: Added unfilterableExtensionPaths: 
TpTrace Information: 0 : 49800, 1, 2022/09/14, 01:14:18.748, 6396402033689, vstest.console.dll, AssemblyResolver.ctor: Creating AssemblyResolver with searchDirectories C:\Program Files\dotnet\sdk\5.0.408\Extensions,C:\Program Files\dotnet\sdk\5.0.408
TpTrace Verbose: 0 : 49800, 1, 2022/09/14, 01:14:18.752, 6396402071479, vstest.console.dll, TestPluginCache.DiscoverTestExtensions: Discovering the extensions using extension path.
TpTrace Verbose: 0 : 49800, 1, 2022/09/14, 01:14:18.752, 6396402076705, vstest.console.dll, TestPluginCache.GetExtensionPaths: Filtered extension paths: 
TpTrace Verbose: 0 : 49800, 1, 2022/09/14, 01:14:18.752, 6396402078527, vstest.console.dll, TestPluginCache.GetExtensionPaths: Added default extension paths: C:\Program Files\dotnet\sdk\5.0.408\Extensions\Microsoft.Diagnostics.NETCore.Client.dll
C:\Program Files\dotnet\sdk\5.0.408\Extensions\Microsoft.TestPlatform.Extensions.BlameDataCollector.dll
C:\Program Files\dotnet\sdk\5.0.408\Extensions\Microsoft.TestPlatform.Extensions.EventLogCollector.dll
C:\Program Files\dotnet\sdk\5.0.408\Extensions\Microsoft.TestPlatform.TestHostRuntimeProvider.dll
C:\Program Files\dotnet\sdk\5.0.408\Extensions\Microsoft.VisualStudio.TestPlatform.Extensions.Html.TestLogger.dll
C:\Program Files\dotnet\sdk\5.0.408\Extensions\Microsoft.VisualStudio.TestPlatform.Extensions.Trx.TestLogger.dll
TpTrace Verbose: 0 : 49800, 1, 2022/09/14, 01:14:18.752, 6396402079578, vstest.console.dll, TestPluginCache.GetExtensionPaths: Added unfilterableExtensionPaths: 
TpTrace Verbose: 0 : 49800, 1, 2022/09/14, 01:14:18.753, 6396402081835, vstest.console.dll, TestPluginCache.DiscoverTestExtensions: Discovering the extensions using allExtensionPaths: C:\Program Files\dotnet\sdk\5.0.408\Extensions\Microsoft.Diagnostics.NETCore.Client.dll
C:\Program Files\dotnet\sdk\5.0.408\Extensions\Microsoft.TestPlatform.Extensions.BlameDataCollector.dll
C:\Program Files\dotnet\sdk\5.0.408\Extensions\Microsoft.TestPlatform.Extensions.EventLogCollector.dll
C:\Program Files\dotnet\sdk\5.0.408\Extensions\Microsoft.TestPlatform.TestHostRuntimeProvider.dll
C:\Program Files\dotnet\sdk\5.0.408\Extensions\Microsoft.VisualStudio.TestPlatform.Extensions.Html.TestLogger.dll
C:\Program Files\dotnet\sdk\5.0.408\Extensions\Microsoft.VisualStudio.TestPlatform.Extensions.Trx.TestLogger.dll
TpTrace Information: 0 : 49800, 1, 2022/09/14, 01:14:18.753, 6396402088603, vstest.console.dll, AssemblyResolver.AddSearchDirectories: Adding more searchDirectories C:\Program Files\dotnet\sdk\5.0.408\Extensions,C:\Program Files\dotnet\sdk\5.0.408
TpTrace Information: 0 : 49800, 1, 2022/09/14, 01:14:18.753, 6396402090904, vstest.console.dll, AssemblyResolver.AddSearchDirectories: Adding more searchDirectories C:\Program Files\dotnet\sdk\5.0.408\Extensions,C:\Program Files\dotnet\sdk\5.0.408
TpTrace Information: 0 : 49800, 1, 2022/09/14, 01:14:18.754, 6396402092007, vstest.console.dll, AssemblyResolver.AddSearchDirectories: Adding more searchDirectories C:\Program Files\dotnet\sdk\5.0.408\Extensions,C:\Program Files\dotnet\sdk\5.0.408
TpTrace Information: 0 : 49800, 1, 2022/09/14, 01:14:18.754, 6396402092692, vstest.console.dll, AssemblyResolver.AddSearchDirectories: Adding more searchDirectories C:\Program Files\dotnet\sdk\5.0.408\Extensions,C:\Program Files\dotnet\sdk\5.0.408
TpTrace Information: 0 : 49800, 1, 2022/09/14, 01:14:18.754, 6396402093414, vstest.console.dll, AssemblyResolver.AddSearchDirectories: Adding more searchDirectories C:\Program Files\dotnet\sdk\5.0.408\Extensions,C:\Program Files\dotnet\sdk\5.0.408
TpTrace Information: 0 : 49800, 1, 2022/09/14, 01:14:18.754, 6396402094068, vstest.console.dll, AssemblyResolver.AddSearchDirectories: Adding more searchDirectories C:\Program Files\dotnet\sdk\5.0.408\Extensions,C:\Program Files\dotnet\sdk\5.0.408
TpTrace Information: 0 : 49800, 1, 2022/09/14, 01:14:18.755, 6396402101295, vstest.console.dll, AssemblyResolver.OnResolve: Microsoft.Diagnostics.NETCore.Client: Resolving assembly.
TpTrace Information: 0 : 49800, 1, 2022/09/14, 01:14:18.755, 6396402102362, vstest.console.dll, AssemblyResolver.OnResolve: Microsoft.Diagnostics.NETCore.Client: Searching in: 'C:\Program Files\dotnet\sdk\5.0.408\Extensions'.
TpTrace Information: 0 : 49800, 1, 2022/09/14, 01:14:18.755, 6396402109915, vstest.console.dll, AssemblyResolver.OnResolve: Microsoft.Diagnostics.NETCore.Client: Loading assembly 'C:\Program Files\dotnet\sdk\5.0.408\Extensions\Microsoft.Diagnostics.NETCore.Client.dll'.
TpTrace Information: 0 : 49800, 1, 2022/09/14, 01:14:18.756, 6396402119127, vstest.console.dll, AssemblyResolver.OnResolve: Resolved assembly: Microsoft.Diagnostics.NETCore.Client, from path: C:\Program Files\dotnet\sdk\5.0.408\Extensions\Microsoft.Diagnostics.NETCore.Client.dll
TpTrace Information: 0 : 49800, 1, 2022/09/14, 01:14:18.762, 6396402173108, vstest.console.dll, AssemblyResolver.OnResolve: Microsoft.Bcl.AsyncInterfaces: Resolving assembly.
TpTrace Information: 0 : 49800, 1, 2022/09/14, 01:14:18.762, 6396402174622, vstest.console.dll, AssemblyResolver.OnResolve: Microsoft.Bcl.AsyncInterfaces: Searching in: 'C:\Program Files\dotnet\sdk\5.0.408\Extensions'.
TpTrace Information: 0 : 49800, 1, 2022/09/14, 01:14:18.762, 6396402175832, vstest.console.dll, AssemblyResolver.OnResolve: Microsoft.Bcl.AsyncInterfaces: Assembly path does not exist: 'C:\Program Files\dotnet\sdk\5.0.408\Extensions\Microsoft.Bcl.AsyncInterfaces.dll', returning.
TpTrace Information: 0 : 49800, 1, 2022/09/14, 01:14:18.762, 6396402176816, vstest.console.dll, AssemblyResolver.OnResolve: Microsoft.Bcl.AsyncInterfaces: Assembly path does not exist: 'C:\Program Files\dotnet\sdk\5.0.408\Extensions\Microsoft.Bcl.AsyncInterfaces.exe', returning.
TpTrace Information: 0 : 49800, 1, 2022/09/14, 01:14:18.762, 6396402177332, vstest.console.dll, AssemblyResolver.OnResolve: Microsoft.Bcl.AsyncInterfaces: Searching in: 'C:\Program Files\dotnet\sdk\5.0.408'.
TpTrace Information: 0 : 49800, 1, 2022/09/14, 01:14:18.762, 6396402178187, vstest.console.dll, AssemblyResolver.OnResolve: Microsoft.Bcl.AsyncInterfaces: Assembly path does not exist: 'C:\Program Files\dotnet\sdk\5.0.408\Microsoft.Bcl.AsyncInterfaces.dll', returning.
TpTrace Information: 0 : 49800, 1, 2022/09/14, 01:14:18.762, 6396402178810, vstest.console.dll, AssemblyResolver.OnResolve: Microsoft.Bcl.AsyncInterfaces: Assembly path does not exist: 'C:\Program Files\dotnet\sdk\5.0.408\Microsoft.Bcl.AsyncInterfaces.exe', returning.
TpTrace Information: 0 : 49800, 1, 2022/09/14, 01:14:18.762, 6396402179908, vstest.console.dll, AssemblyResolver.OnResolve: Microsoft.Bcl.AsyncInterfaces: Failed to load assembly.
TpTrace Verbose: 0 : 49800, 1, 2022/09/14, 01:14:18.762, 6396402180809, vstest.console.dll, CurrentDomainAssemblyResolve: Resolving assembly 'Microsoft.Bcl.AsyncInterfaces'.
TpTrace Information: 0 : 49800, 1, 2022/09/14, 01:14:18.763, 6396402181790, vstest.console.dll, AssemblyResolver.OnResolve: Microsoft.Bcl.AsyncInterfaces: Resolving assembly.
TpTrace Information: 0 : 49800, 1, 2022/09/14, 01:14:18.763, 6396402182276, vstest.console.dll, AssemblyResolver.OnResolve: Microsoft.Bcl.AsyncInterfaces: Resolved from cache.
TpTrace Verbose: 0 : 49800, 1, 2022/09/14, 01:14:18.763, 6396402182630, vstest.console.dll, CurrentDomainAssemblyResolve: Resolving assembly 'Microsoft.Bcl.AsyncInterfaces'.
TpTrace Verbose: 0 : 49800, 1, 2022/09/14, 01:14:18.763, 6396402183054, vstest.console.dll, CurrentDomainAssemblyResolve: Failed to resolve assembly 'Microsoft.Bcl.AsyncInterfaces'.
TpTrace Verbose: 0 : 49800, 1, 2022/09/14, 01:14:18.764, 6396402192133, vstest.console.dll, CurrentDomainAssemblyResolve: Failed to resolve assembly 'Microsoft.Bcl.AsyncInterfaces'.
TpTrace Warning: 0 : 49800, 1, 2022/09/14, 01:14:18.786, 6396402414066, vstest.console.dll, TestPluginDiscoverer: Failed to get types from assembly 'Microsoft.Diagnostics.NETCore.Client, Version=0.2.2.41902, Culture=neutral, PublicKeyToken=31bf3856ad364e35'.  Skipping test extension scan for this assembly.  Error: System.Reflection.ReflectionTypeLoadException: Unable to load one or more of the requested types.
Could not load file or assembly 'Microsoft.Bcl.AsyncInterfaces, Version=1.0.0.0, Culture=neutral, PublicKeyToken=cc7b13ffcd2ddd51'. The system cannot find the file specified.
   at System.Reflection.RuntimeModule.GetTypes(RuntimeModule module)
   at System.Reflection.RuntimeModule.GetTypes()
   at System.Reflection.Assembly.GetTypes()
   at Microsoft.VisualStudio.TestPlatform.Common.ExtensionFramework.TestPluginDiscoverer.GetTestExtensionsFromAssembly[TPluginInfo,TExtension](Assembly assembly, Dictionary`2 pluginInfos)
System.IO.FileNotFoundException: Could not load file or assembly 'Microsoft.Bcl.AsyncInterfaces, Version=1.0.0.0, Culture=neutral, PublicKeyToken=cc7b13ffcd2ddd51'. The system cannot find the file specified.
File name: 'Microsoft.Bcl.AsyncInterfaces, Version=1.0.0.0, Culture=neutral, PublicKeyToken=cc7b13ffcd2ddd51'
TpTrace Warning: 0 : 49800, 1, 2022/09/14, 01:14:18.786, 6396402416557, vstest.console.dll, LoaderExceptions: System.IO.FileNotFoundException: Could not load file or assembly 'Microsoft.Bcl.AsyncInterfaces, Version=1.0.0.0, Culture=neutral, PublicKeyToken=cc7b13ffcd2ddd51'. The system cannot find the file specified.
File name: 'Microsoft.Bcl.AsyncInterfaces, Version=1.0.0.0, Culture=neutral, PublicKeyToken=cc7b13ffcd2ddd51'
TpTrace Information: 0 : 49800, 1, 2022/09/14, 01:14:18.786, 6396402418878, vstest.console.dll, AssemblyResolver.OnResolve: Microsoft.TestPlatform.Extensions.BlameDataCollector: Resolving assembly.
TpTrace Information: 0 : 49800, 1, 2022/09/14, 01:14:18.786, 6396402419759, vstest.console.dll, AssemblyResolver.OnResolve: Microsoft.TestPlatform.Extensions.BlameDataCollector: Searching in: 'C:\Program Files\dotnet\sdk\5.0.408\Extensions'.
TpTrace Information: 0 : 49800, 1, 2022/09/14, 01:14:18.787, 6396402424986, vstest.console.dll, AssemblyResolver.OnResolve: Microsoft.TestPlatform.Extensions.BlameDataCollector: Loading assembly 'C:\Program Files\dotnet\sdk\5.0.408\Extensions\Microsoft.TestPlatform.Extensions.BlameDataCollector.dll'.
TpTrace Information: 0 : 49800, 1, 2022/09/14, 01:14:18.788, 6396402433172, vstest.console.dll, AssemblyResolver.OnResolve: Resolved assembly: Microsoft.TestPlatform.Extensions.BlameDataCollector, from path: C:\Program Files\dotnet\sdk\5.0.408\Extensions\Microsoft.TestPlatform.Extensions.BlameDataCollector.dll
TpTrace Information: 0 : 49800, 1, 2022/09/14, 01:14:18.788, 6396402440858, vstest.console.dll, AssemblyResolver.OnResolve: Microsoft.TestPlatform.Extensions.EventLogCollector: Resolving assembly.
TpTrace Information: 0 : 49800, 1, 2022/09/14, 01:14:18.789, 6396402441601, vstest.console.dll, AssemblyResolver.OnResolve: Microsoft.TestPlatform.Extensions.EventLogCollector: Searching in: 'C:\Program Files\dotnet\sdk\5.0.408\Extensions'.
TpTrace Information: 0 : 49800, 1, 2022/09/14, 01:14:18.789, 6396402445036, vstest.console.dll, AssemblyResolver.OnResolve: Microsoft.TestPlatform.Extensions.EventLogCollector: Loading assembly 'C:\Program Files\dotnet\sdk\5.0.408\Extensions\Microsoft.TestPlatform.Extensions.EventLogCollector.dll'.
TpTrace Information: 0 : 49800, 1, 2022/09/14, 01:14:18.789, 6396402450859, vstest.console.dll, AssemblyResolver.OnResolve: Resolved assembly: Microsoft.TestPlatform.Extensions.EventLogCollector, from path: C:\Program Files\dotnet\sdk\5.0.408\Extensions\Microsoft.TestPlatform.Extensions.EventLogCollector.dll
TpTrace Information: 0 : 49800, 1, 2022/09/14, 01:14:18.792, 6396402475143, vstest.console.dll, AssemblyResolver.OnResolve: Microsoft.TestPlatform.TestHostRuntimeProvider: Resolving assembly.
TpTrace Information: 0 : 49800, 1, 2022/09/14, 01:14:18.792, 6396402476972, vstest.console.dll, AssemblyResolver.OnResolve: Microsoft.TestPlatform.TestHostRuntimeProvider: Searching in: 'C:\Program Files\dotnet\sdk\5.0.408\Extensions'.
TpTrace Information: 0 : 49800, 1, 2022/09/14, 01:14:18.793, 6396402482489, vstest.console.dll, AssemblyResolver.OnResolve: Microsoft.TestPlatform.TestHostRuntimeProvider: Loading assembly 'C:\Program Files\dotnet\sdk\5.0.408\Extensions\Microsoft.TestPlatform.TestHostRuntimeProvider.dll'.
TpTrace Information: 0 : 49800, 1, 2022/09/14, 01:14:18.793, 6396402490823, vstest.console.dll, AssemblyResolver.OnResolve: Resolved assembly: Microsoft.TestPlatform.TestHostRuntimeProvider, from path: C:\Program Files\dotnet\sdk\5.0.408\Extensions\Microsoft.TestPlatform.TestHostRuntimeProvider.dll
TpTrace Information: 0 : 49800, 1, 2022/09/14, 01:14:18.795, 6396402504618, vstest.console.dll, AssemblyResolver.OnResolve: Microsoft.VisualStudio.TestPlatform.Extensions.Html.TestLogger: Resolving assembly.
TpTrace Information: 0 : 49800, 1, 2022/09/14, 01:14:18.795, 6396402505434, vstest.console.dll, AssemblyResolver.OnResolve: Microsoft.VisualStudio.TestPlatform.Extensions.Html.TestLogger: Searching in: 'C:\Program Files\dotnet\sdk\5.0.408\Extensions'.
TpTrace Information: 0 : 49800, 1, 2022/09/14, 01:14:18.795, 6396402508871, vstest.console.dll, AssemblyResolver.OnResolve: Microsoft.VisualStudio.TestPlatform.Extensions.Html.TestLogger: Loading assembly 'C:\Program Files\dotnet\sdk\5.0.408\Extensions\Microsoft.VisualStudio.TestPlatform.Extensions.Html.TestLogger.dll'.
TpTrace Information: 0 : 49800, 1, 2022/09/14, 01:14:18.796, 6396402514296, vstest.console.dll, AssemblyResolver.OnResolve: Resolved assembly: Microsoft.VisualStudio.TestPlatform.Extensions.Html.TestLogger, from path: C:\Program Files\dotnet\sdk\5.0.408\Extensions\Microsoft.VisualStudio.TestPlatform.Extensions.Html.TestLogger.dll
TpTrace Information: 0 : 49800, 1, 2022/09/14, 01:14:18.796, 6396402518154, vstest.console.dll, AssemblyResolver.OnResolve: Microsoft.VisualStudio.TestPlatform.Extensions.Trx.TestLogger: Resolving assembly.
TpTrace Information: 0 : 49800, 1, 2022/09/14, 01:14:18.796, 6396402518784, vstest.console.dll, AssemblyResolver.OnResolve: Microsoft.VisualStudio.TestPlatform.Extensions.Trx.TestLogger: Searching in: 'C:\Program Files\dotnet\sdk\5.0.408\Extensions'.
TpTrace Information: 0 : 49800, 1, 2022/09/14, 01:14:18.797, 6396402522015, vstest.console.dll, AssemblyResolver.OnResolve: Microsoft.VisualStudio.TestPlatform.Extensions.Trx.TestLogger: Loading assembly 'C:\Program Files\dotnet\sdk\5.0.408\Extensions\Microsoft.VisualStudio.TestPlatform.Extensions.Trx.TestLogger.dll'.
TpTrace Information: 0 : 49800, 1, 2022/09/14, 01:14:18.797, 6396402529888, vstest.console.dll, AssemblyResolver.OnResolve: Resolved assembly: Microsoft.VisualStudio.TestPlatform.Extensions.Trx.TestLogger, from path: C:\Program Files\dotnet\sdk\5.0.408\Extensions\Microsoft.VisualStudio.TestPlatform.Extensions.Trx.TestLogger.dll
TpTrace Verbose: 0 : 49800, 1, 2022/09/14, 01:14:18.798, 6396402540351, vstest.console.dll, TestPluginCache: Discovered the extensions using extension path ''.
TpTrace Verbose: 0 : 49800, 1, 2022/09/14, 01:14:18.799, 6396402541377, vstest.console.dll, TestPluginCache: Discoverers are ''.
TpTrace Verbose: 0 : 49800, 1, 2022/09/14, 01:14:18.799, 6396402541685, vstest.console.dll, TestPluginCache: Executors are ''.
TpTrace Verbose: 0 : 49800, 1, 2022/09/14, 01:14:18.799, 6396402541963, vstest.console.dll, TestPluginCache: Executors2 are ''.
TpTrace Verbose: 0 : 49800, 1, 2022/09/14, 01:14:18.799, 6396402542231, vstest.console.dll, TestPluginCache: Setting providers are ''.
TpTrace Verbose: 0 : 49800, 1, 2022/09/14, 01:14:18.799, 6396402542501, vstest.console.dll, TestPluginCache: Loggers are ''.
TpTrace Information: 0 : 49800, 1, 2022/09/14, 01:14:18.804, 6396402600656, vstest.console.dll, RunTestsArgumentProcessor:Execute: Test run is starting.
TpTrace Verbose: 0 : 49800, 1, 2022/09/14, 01:14:18.805, 6396402602137, vstest.console.dll, RunTestsArgumentProcessor:Execute: Queuing Test run.
TpTrace Information: 0 : 49800, 1, 2022/09/14, 01:14:18.805, 6396402604575, vstest.console.dll, TestRequestManager.RunTests: run tests started.
TpTrace Information: 0 : 49800, 1, 2022/09/14, 01:14:18.810, 6396402658123, vstest.console.dll, AssemblyMetadataProvider.GetFrameWork: Determined framework:'.NETCoreApp,Version=v5.0' for source: 'C:\Users\2145670\Downloads\my microservice\Account Microservice\AccountMicroserviceTest\bin\Debug\net5.0\fine-code-coverage\build-output\AccountMicroserviceTest.dll'
TpTrace Information: 0 : 49800, 1, 2022/09/14, 01:14:18.811, 6396402661474, vstest.console.dll, Determined framework for all sources: .NETCoreApp,Version=v5.0
TpTrace Information: 0 : 49800, 1, 2022/09/14, 01:14:18.811, 6396402669177, vstest.console.dll, AssemblyMetadataProvider.GetArchitecture: Determined architecture:AnyCPU info for assembly: C:\Users\2145670\Downloads\my microservice\Account Microservice\AccountMicroserviceTest\bin\Debug\net5.0\fine-code-coverage\build-output\AccountMicroserviceTest.dll
TpTrace Information: 0 : 49800, 1, 2022/09/14, 01:14:18.814, 6396402695959, vstest.console.dll, Determined platform for all sources: X64
TpTrace Information: 0 : 49800, 1, 2022/09/14, 01:14:18.817, 6396402730172, vstest.console.dll, Compatible sources list : 
TpTrace Information: 0 : 49800, 1, 2022/09/14, 01:14:18.818, 6396402731400, vstest.console.dll, C:\Users\2145670\Downloads\my microservice\Account Microservice\AccountMicroserviceTest\bin\Debug\net5.0\fine-code-coverage\build-output\AccountMicroserviceTest.dll
TpTrace Information: 0 : 49800, 1, 2022/09/14, 01:14:18.821, 6396402763837, vstest.console.dll, InferRunSettingsHelper.IsTestSettingsEnabled: Unable to navigate to RunSettings/MSTest. Current node: RunSettings
TpTrace Information: 0 : 49800, 1, 2022/09/14, 01:14:18.822, 6396402773258, vstest.console.dll, AssemblyResolver.OnResolve: Microsoft.VisualStudio.TestPlatform.Fakes: Resolving assembly.
TpTrace Information: 0 : 49800, 1, 2022/09/14, 01:14:18.822, 6396402774216, vstest.console.dll, AssemblyResolver.OnResolve: Microsoft.VisualStudio.TestPlatform.Fakes: Searching in: 'C:\Program Files\dotnet\sdk\5.0.408\Extensions'.
TpTrace Information: 0 : 49800, 1, 2022/09/14, 01:14:18.822, 6396402775922, vstest.console.dll, AssemblyResolver.OnResolve: Microsoft.VisualStudio.TestPlatform.Fakes: Assembly path does not exist: 'C:\Program Files\dotnet\sdk\5.0.408\Extensions\Microsoft.VisualStudio.TestPlatform.Fakes.dll', returning.
TpTrace Information: 0 : 49800, 1, 2022/09/14, 01:14:18.822, 6396402776705, vstest.console.dll, AssemblyResolver.OnResolve: Microsoft.VisualStudio.TestPlatform.Fakes: Assembly path does not exist: 'C:\Program Files\dotnet\sdk\5.0.408\Extensions\Microsoft.VisualStudio.TestPlatform.Fakes.exe', returning.
TpTrace Information: 0 : 49800, 1, 2022/09/14, 01:14:18.822, 6396402777113, vstest.console.dll, AssemblyResolver.OnResolve: Microsoft.VisualStudio.TestPlatform.Fakes: Searching in: 'C:\Program Files\dotnet\sdk\5.0.408'.
TpTrace Information: 0 : 49800, 1, 2022/09/14, 01:14:18.822, 6396402778286, vstest.console.dll, AssemblyResolver.OnResolve: Microsoft.VisualStudio.TestPlatform.Fakes: Assembly path does not exist: 'C:\Program Files\dotnet\sdk\5.0.408\Microsoft.VisualStudio.TestPlatform.Fakes.dll', returning.
TpTrace Information: 0 : 49800, 1, 2022/09/14, 01:14:18.822, 6396402779529, vstest.console.dll, AssemblyResolver.OnResolve: Microsoft.VisualStudio.TestPlatform.Fakes: Assembly path does not exist: 'C:\Program Files\dotnet\sdk\5.0.408\Microsoft.VisualStudio.TestPlatform.Fakes.exe', returning.
TpTrace Information: 0 : 49800, 1, 2022/09/14, 01:14:18.822, 6396402780339, vstest.console.dll, AssemblyResolver.OnResolve: Microsoft.VisualStudio.TestPlatform.Fakes: Failed to load assembly.
TpTrace Information: 0 : 49800, 1, 2022/09/14, 01:14:18.823, 6396402785291, vstest.console.dll, Failed to create newly implemented Fakes Configurator. Reason:System.IO.FileNotFoundException: Could not load file or assembly 'Microsoft.VisualStudio.TestPlatform.Fakes, Version=16.0.0.0, Culture=neutral, PublicKeyToken=null'. The system cannot find the file specified.
File name: 'Microsoft.VisualStudio.TestPlatform.Fakes, Version=16.0.0.0, Culture=neutral, PublicKeyToken=null'
   at System.Reflection.RuntimeAssembly.InternalLoad(ObjectHandleOnStack assemblyName, ObjectHandleOnStack requestingAssembly, StackCrawlMarkHandle stackMark, Boolean throwOnFileNotFound, ObjectHandleOnStack assemblyLoadContext, ObjectHandleOnStack retAssembly)
   at System.Reflection.RuntimeAssembly.InternalLoad(AssemblyName assemblyName, RuntimeAssembly requestingAssembly, StackCrawlMark& stackMark, Boolean throwOnFileNotFound, AssemblyLoadContext assemblyLoadContext)
   at System.Reflection.Assembly.Load(AssemblyName assemblyRef)
   at Microsoft.VisualStudio.TestPlatform.Common.Utilities.FakesUtilities.TryGetFakesCrossPlatformDataCollectorConfigurator() 
TpTrace Verbose: 0 : 49800, 1, 2022/09/14, 01:14:18.827, 6396402830183, vstest.console.dll, TestPluginCache.DiscoverTestExtensions: finding test extensions in assemblies ends with: TestLogger.dll TPluginInfo: Microsoft.VisualStudio.TestPlatform.Common.ExtensionFramework.Utilities.TestLoggerPluginInformation TExtension: Microsoft.VisualStudio.TestPlatform.ObjectModel.Client.ITestLogger
TpTrace Verbose: 0 : 49800, 1, 2022/09/14, 01:14:18.828, 6396402831596, vstest.console.dll, TestPluginCache.GetExtensionPaths: Filtered extension paths: 
TpTrace Verbose: 0 : 49800, 1, 2022/09/14, 01:14:18.828, 6396402831988, vstest.console.dll, TestPluginCache.GetExtensionPaths: Added default extension paths: C:\Program Files\dotnet\sdk\5.0.408\Extensions\Microsoft.Diagnostics.NETCore.Client.dll
C:\Program Files\dotnet\sdk\5.0.408\Extensions\Microsoft.TestPlatform.Extensions.BlameDataCollector.dll
C:\Program Files\dotnet\sdk\5.0.408\Extensions\Microsoft.TestPlatform.Extensions.EventLogCollector.dll
C:\Program Files\dotnet\sdk\5.0.408\Extensions\Microsoft.TestPlatform.TestHostRuntimeProvider.dll
C:\Program Files\dotnet\sdk\5.0.408\Extensions\Microsoft.VisualStudio.TestPlatform.Extensions.Html.TestLogger.dll
C:\Program Files\dotnet\sdk\5.0.408\Extensions\Microsoft.VisualStudio.TestPlatform.Extensions.Trx.TestLogger.dll
TpTrace Verbose: 0 : 49800, 1, 2022/09/14, 01:14:18.828, 6396402832366, vstest.console.dll, TestPluginCache.GetExtensionPaths: Added unfilterableExtensionPaths: 
TpTrace Information: 0 : 49800, 1, 2022/09/14, 01:14:18.828, 6396402834334, vstest.console.dll, AssemblyResolver.AddSearchDirectories: Adding more searchDirectories C:\Program Files\dotnet\sdk\5.0.408\Extensions,C:\Program Files\dotnet\sdk\5.0.408
TpTrace Verbose: 0 : 49800, 1, 2022/09/14, 01:14:18.828, 6396402835091, vstest.console.dll, TestPluginCache.DiscoverTestExtensions: Discovering the extensions using extension path.
TpTrace Verbose: 0 : 49800, 1, 2022/09/14, 01:14:18.828, 6396402835584, vstest.console.dll, TestPluginCache.GetExtensionPaths: Filtered extension paths: 
TpTrace Verbose: 0 : 49800, 1, 2022/09/14, 01:14:18.828, 6396402836101, vstest.console.dll, TestPluginCache.GetExtensionPaths: Added default extension paths: C:\Program Files\dotnet\sdk\5.0.408\Extensions\Microsoft.Diagnostics.NETCore.Client.dll
C:\Program Files\dotnet\sdk\5.0.408\Extensions\Microsoft.TestPlatform.Extensions.BlameDataCollector.dll
C:\Program Files\dotnet\sdk\5.0.408\Extensions\Microsoft.TestPlatform.Extensions.EventLogCollector.dll
C:\Program Files\dotnet\sdk\5.0.408\Extensions\Microsoft.TestPlatform.TestHostRuntimeProvider.dll
C:\Program Files\dotnet\sdk\5.0.408\Extensions\Microsoft.VisualStudio.TestPlatform.Extensions.Html.TestLogger.dll
C:\Program Files\dotnet\sdk\5.0.408\Extensions\Microsoft.VisualStudio.TestPlatform.Extensions.Trx.TestLogger.dll
TpTrace Verbose: 0 : 49800, 1, 2022/09/14, 01:14:18.828, 6396402836527, vstest.console.dll, TestPluginCache.GetExtensionPaths: Added unfilterableExtensionPaths: 
TpTrace Verbose: 0 : 49800, 1, 2022/09/14, 01:14:18.828, 6396402837012, vstest.console.dll, TestPluginCache.DiscoverTestExtensions: Discovering the extensions using allExtensionPaths: C:\Program Files\dotnet\sdk\5.0.408\Extensions\Microsoft.Diagnostics.NETCore.Client.dll
C:\Program Files\dotnet\sdk\5.0.408\Extensions\Microsoft.TestPlatform.Extensions.BlameDataCollector.dll
C:\Program Files\dotnet\sdk\5.0.408\Extensions\Microsoft.TestPlatform.Extensions.EventLogCollector.dll
C:\Program Files\dotnet\sdk\5.0.408\Extensions\Microsoft.TestPlatform.TestHostRuntimeProvider.dll
C:\Program Files\dotnet\sdk\5.0.408\Extensions\Microsoft.VisualStudio.TestPlatform.Extensions.Html.TestLogger.dll
C:\Program Files\dotnet\sdk\5.0.408\Extensions\Microsoft.VisualStudio.TestPlatform.Extensions.Trx.TestLogger.dll
TpTrace Information: 0 : 49800, 1, 2022/09/14, 01:14:18.828, 6396402837621, vstest.console.dll, AssemblyResolver.AddSearchDirectories: Adding more searchDirectories C:\Program Files\dotnet\sdk\5.0.408\Extensions,C:\Program Files\dotnet\sdk\5.0.408
TpTrace Information: 0 : 49800, 1, 2022/09/14, 01:14:18.828, 6396402838119, vstest.console.dll, AssemblyResolver.AddSearchDirectories: Adding more searchDirectories C:\Program Files\dotnet\sdk\5.0.408\Extensions,C:\Program Files\dotnet\sdk\5.0.408
TpTrace Information: 0 : 49800, 1, 2022/09/14, 01:14:18.828, 6396402838533, vstest.console.dll, AssemblyResolver.AddSearchDirectories: Adding more searchDirectories C:\Program Files\dotnet\sdk\5.0.408\Extensions,C:\Program Files\dotnet\sdk\5.0.408
TpTrace Information: 0 : 49800, 1, 2022/09/14, 01:14:18.828, 6396402838933, vstest.console.dll, AssemblyResolver.AddSearchDirectories: Adding more searchDirectories C:\Program Files\dotnet\sdk\5.0.408\Extensions,C:\Program Files\dotnet\sdk\5.0.408
TpTrace Information: 0 : 49800, 1, 2022/09/14, 01:14:18.828, 6396402839385, vstest.console.dll, AssemblyResolver.AddSearchDirectories: Adding more searchDirectories C:\Program Files\dotnet\sdk\5.0.408\Extensions,C:\Program Files\dotnet\sdk\5.0.408
TpTrace Information: 0 : 49800, 1, 2022/09/14, 01:14:18.828, 6396402839790, vstest.console.dll, AssemblyResolver.AddSearchDirectories: Adding more searchDirectories C:\Program Files\dotnet\sdk\5.0.408\Extensions,C:\Program Files\dotnet\sdk\5.0.408
TpTrace Information: 0 : 49800, 1, 2022/09/14, 01:14:18.829, 6396402843083, vstest.console.dll, AssemblyResolver.OnResolve: Microsoft.Bcl.AsyncInterfaces: Resolving assembly.
TpTrace Information: 0 : 49800, 1, 2022/09/14, 01:14:18.829, 6396402843685, vstest.console.dll, AssemblyResolver.OnResolve: Microsoft.Bcl.AsyncInterfaces: Resolved from cache.
TpTrace Verbose: 0 : 49800, 1, 2022/09/14, 01:14:18.829, 6396402844056, vstest.console.dll, CurrentDomainAssemblyResolve: Resolving assembly 'Microsoft.Bcl.AsyncInterfaces'.
TpTrace Information: 0 : 49800, 1, 2022/09/14, 01:14:18.829, 6396402844649, vstest.console.dll, AssemblyResolver.OnResolve: Microsoft.Bcl.AsyncInterfaces: Resolving assembly.
TpTrace Information: 0 : 49800, 1, 2022/09/14, 01:14:18.829, 6396402845012, vstest.console.dll, AssemblyResolver.OnResolve: Microsoft.Bcl.AsyncInterfaces: Resolved from cache.
TpTrace Verbose: 0 : 49800, 1, 2022/09/14, 01:14:18.829, 6396402845376, vstest.console.dll, CurrentDomainAssemblyResolve: Resolving assembly 'Microsoft.Bcl.AsyncInterfaces'.
TpTrace Verbose: 0 : 49800, 1, 2022/09/14, 01:14:18.829, 6396402845675, vstest.console.dll, CurrentDomainAssemblyResolve: Failed to resolve assembly 'Microsoft.Bcl.AsyncInterfaces'.
TpTrace Verbose: 0 : 49800, 1, 2022/09/14, 01:14:18.829, 6396402847726, vstest.console.dll, CurrentDomainAssemblyResolve: Failed to resolve assembly 'Microsoft.Bcl.AsyncInterfaces'.
TpTrace Warning: 0 : 49800, 1, 2022/09/14, 01:14:18.830, 6396402851398, vstest.console.dll, TestPluginDiscoverer: Failed to get types from assembly 'Microsoft.Diagnostics.NETCore.Client, Version=0.2.2.41902, Culture=neutral, PublicKeyToken=31bf3856ad364e35'.  Skipping test extension scan for this assembly.  Error: System.Reflection.ReflectionTypeLoadException: Unable to load one or more of the requested types.
Could not load file or assembly 'Microsoft.Bcl.AsyncInterfaces, Version=1.0.0.0, Culture=neutral, PublicKeyToken=cc7b13ffcd2ddd51'. The system cannot find the file specified.
   at System.Reflection.RuntimeModule.GetTypes(RuntimeModule module)
   at System.Reflection.RuntimeModule.GetTypes()
   at System.Reflection.Assembly.GetTypes()
   at Microsoft.VisualStudio.TestPlatform.Common.ExtensionFramework.TestPluginDiscoverer.GetTestExtensionsFromAssembly[TPluginInfo,TExtension](Assembly assembly, Dictionary`2 pluginInfos)
System.IO.FileNotFoundException: Could not load file or assembly 'Microsoft.Bcl.AsyncInterfaces, Version=1.0.0.0, Culture=neutral, PublicKeyToken=cc7b13ffcd2ddd51'. The system cannot find the file specified.
File name: 'Microsoft.Bcl.AsyncInterfaces, Version=1.0.0.0, Culture=neutral, PublicKeyToken=cc7b13ffcd2ddd51'
TpTrace Warning: 0 : 49800, 1, 2022/09/14, 01:14:18.830, 6396402852142, vstest.console.dll, LoaderExceptions: System.IO.FileNotFoundException: Could not load file or assembly 'Microsoft.Bcl.AsyncInterfaces, Version=1.0.0.0, Culture=neutral, PublicKeyToken=cc7b13ffcd2ddd51'. The system cannot find the file specified.
File name: 'Microsoft.Bcl.AsyncInterfaces, Version=1.0.0.0, Culture=neutral, PublicKeyToken=cc7b13ffcd2ddd51'
TpTrace Verbose: 0 : 49800, 1, 2022/09/14, 01:14:18.830, 6396402857186, vstest.console.dll, TestPluginCache: Discovered the extensions using extension path ''.
TpTrace Verbose: 0 : 49800, 1, 2022/09/14, 01:14:18.830, 6396402857894, vstest.console.dll, TestPluginCache: Discoverers are ''.
TpTrace Verbose: 0 : 49800, 1, 2022/09/14, 01:14:18.830, 6396402858255, vstest.console.dll, TestPluginCache: Executors are ''.
TpTrace Verbose: 0 : 49800, 1, 2022/09/14, 01:14:18.830, 6396402858654, vstest.console.dll, TestPluginCache: Executors2 are ''.
TpTrace Verbose: 0 : 49800, 1, 2022/09/14, 01:14:18.830, 6396402858993, vstest.console.dll, TestPluginCache: Setting providers are ''.
TpTrace Verbose: 0 : 49800, 1, 2022/09/14, 01:14:18.830, 6396402859964, vstest.console.dll, TestPluginCache: Loggers are 'logger://Microsoft/TestPlatform/Extensions/Blame/v1,logger://Microsoft/TestPlatform/HtmlLogger/v1,logger://Microsoft/TestPlatform/TrxLogger/v1'.
TpTrace Information: 0 : 49800, 1, 2022/09/14, 01:14:18.831, 6396402869536, vstest.console.dll, TestPluginManager.CreateTestExtension: Attempting to load test extension: Microsoft.TestPlatform.Extensions.BlameDataCollector.BlameLogger
TpTrace Information: 0 : 49800, 1, 2022/09/14, 01:14:18.845, 6396403007498, vstest.console.dll, TestPluginManager.CreateTestExtension: Attempting to load test extension: Microsoft.VisualStudio.TestPlatform.CrossPlatEngine.Hosting.DefaultTestHostManager
TpTrace Information: 0 : 49800, 1, 2022/09/14, 01:14:18.846, 6396403014316, vstest.console.dll, TestPluginManager.CreateTestExtension: Attempting to load test extension: Microsoft.VisualStudio.TestPlatform.CrossPlatEngine.Hosting.DotnetTestHostManager
TpTrace Verbose: 0 : 49800, 1, 2022/09/14, 01:14:18.847, 6396403028668, vstest.console.dll, TestEngine: Initializing Parallel Execution as MaxCpuCount is set to: 1
TpTrace Information: 0 : 49800, 1, 2022/09/14, 01:14:18.848, 6396403040457, vstest.console.dll, InferRunSettingsHelper.IsTestSettingsEnabled: Unable to navigate to RunSettings/MSTest. Current node: RunSettings
TpTrace Verbose: 0 : 49800, 1, 2022/09/14, 01:14:18.867, 6396403227915, vstest.console.dll, TestRequestSender is acting as server
TpTrace Verbose: 0 : 49800, 4, 2022/09/14, 01:14:18.874, 6396403297892, vstest.console.dll, DataCollectionRequestSender.InitializeCommunication : Initialize communication. 
TpTrace Information: 0 : 49800, 4, 2022/09/14, 01:14:18.892, 6396403473840, vstest.console.dll, Listening on Endpoint : 127.0.0.1:51008
TpTrace Verbose: 0 : 49800, 4, 2022/09/14, 01:14:18.914, 6396403699130, vstest.console.dll, DotnetDataCollectionLauncher: Full path of dotnet.exe is C:\Program Files\dotnet\dotnet.exe
TpTrace Verbose: 0 : 49800, 4, 2022/09/14, 01:14:18.915, 6396403703316, vstest.console.dll, DotnetDataCollectionLauncher: Adding  --runtimeconfig "C:\Program Files\dotnet\sdk\5.0.408\datacollector.runtimeconfig.json" in args
TpTrace Verbose: 0 : 49800, 4, 2022/09/14, 01:14:18.915, 6396403705077, vstest.console.dll, DotnetDataCollectionLauncher: Adding  --depsfile "C:\Program Files\dotnet\sdk\5.0.408\datacollector.deps.json" in args
TpTrace Information: 0 : 49800, 4, 2022/09/14, 01:14:18.937, 6396403927728, vstest.console.dll, ProxyDataCollectionManager.Initialize: Launched datacollector processId: 15348 port: 51008
TpTrace Information: 0 : 49800, 4, 2022/09/14, 01:14:18.938, 6396403931768, vstest.console.dll, ProxyDataCollectionManager.Initialize: waiting for connection with timeout: 90 seconds
TpTrace Verbose: 0 : 49800, 4, 2022/09/14, 01:14:18.938, 6396403933616, vstest.console.dll, DataCollectionRequestSender.WaitForRequestHandlerConnection : Waiting for connection with timeout: 90000
TpTrace Information: 0 : 49800, 7, 2022/09/14, 01:14:19.266, 6396407215132, vstest.console.dll, Using the buffer size of 16384 bytes
TpTrace Information: 0 : 49800, 7, 2022/09/14, 01:14:19.266, 6396407217324, vstest.console.dll, Accepted Client request and set the flag
TpTrace Verbose: 0 : 49800, 4, 2022/09/14, 01:14:19.266, 6396407217891, vstest.console.dll, ProxyDataCollectionManager.InvokeDataCollectionServiceAction: Starting.
TpTrace Information: 0 : 49800, 4, 2022/09/14, 01:14:19.267, 6396407222066, vstest.console.dll, ProxyDataCollectionManager.BeforeTestRunStart: Get environment variable and port for datacollector processId: 15348 port: 51008
TpTrace Verbose: 0 : 49800, 4, 2022/09/14, 01:14:19.267, 6396407224081, vstest.console.dll, DataCollectionRequestSender.SendBeforeTestRunStartAndGetResult : Send BeforeTestRunStart message with settingsXml <RunSettings><RunConfiguration><ResultsDirectory>C:\Users\2145670\Downloads\my microservice\Account Microservice\AccountMicroserviceTest\bin\Debug\net5.0\fine-code-coverage\coverage-tool-output</ResultsDirectory><TargetPlatform>X64</TargetPlatform><TargetFrameworkVersion>.NETCoreApp,Version=v5.0</TargetFrameworkVersion><DesignMode>False</DesignMode><CollectSourceInformation>False</CollectSourceInformation><TestAdaptersPaths>C:\Program Files\dotnet\sdk\5.0.408\Extensions</TestAdaptersPaths></RunConfiguration><LoggerRunSettings><Loggers><Logger friendlyName="blame" enabled="True" /><Logger friendlyName="Console" uri="logger://microsoft/TestPlatform/ConsoleLogger/v1" assemblyQualifiedName="Microsoft.VisualStudio.TestPlatform.CommandLine.Internal.ConsoleLogger, vstest.console, Version=15.0.0.0, Culture=neutral, PublicKeyToken=b03f5f7f11d50a3a" codeBase="C:\Program Files\dotnet\sdk\5.0.408\vstest.console.dll" enabled="True" /></Loggers></LoggerRunSettings><DataCollectionRunSettings><DataCollectors><DataCollector friendlyName="blame" enabled="True"><Configuration><ResultsDirectory>C:\Users\2145670\Downloads\my microservice\Account Microservice\AccountMicroserviceTest\bin\Debug\net5.0\fine-code-coverage\coverage-tool-output</ResultsDirectory></Configuration></DataCollector></DataCollectors></DataCollectionRunSettings></RunSettings> and sources System.Linq.Enumerable+Concat2Iterator`1[System.String]: 
TpTrace Verbose: 0 : 49800, 4, 2022/09/14, 01:14:19.407, 6396408625718, vstest.console.dll, DataCollectionRequestSender.SendBeforeTestRunStartAndGetResult : Received message: (DataCollection.SendMessage) -> {
  "FriendlyName": null,
  "Uri": null,
  "TestCaseId": "00000000-0000-0000-0000-000000000000",
  "Message": "Logging DataCollector Diagnostics in file: C:\\Users\\2145670\\Downloads\\my microservice\\Account Microservice\\AccountMicroserviceTest\\bin\\Debug\\net5.0\\fine-code-coverage\\coverage-tool-output\\diagnostics.datacollector.22-09-14_01-14-18_90362_4.log",
  "Level": 0
}
TpTrace Verbose: 0 : 49800, 4, 2022/09/14, 01:14:19.550, 6396410060594, vstest.console.dll, DataCollectionRequestSender.SendBeforeTestRunStartAndGetResult : Received message: (DataCollection.BeforeTestRunStartResult) -> {
  "EnvironmentVariables": {},
  "DataCollectionEventsPort": 51010
}
TpTrace Information: 0 : 49800, 4, 2022/09/14, 01:14:19.557, 6396410125555, vstest.console.dll, ProxyDataCollectionManager.BeforeTestRunStart: SendBeforeTestRunStartAndGetResult successful, env variable from datacollector:   and testhost port: 51010
TpTrace Information: 0 : 49800, 4, 2022/09/14, 01:14:19.557, 6396410127775, vstest.console.dll, ProxyDataCollectionManager.InvokeDataCollectionServiceAction: Completed.
TpTrace Verbose: 0 : 49800, 1, 2022/09/14, 01:14:19.558, 6396410131932, vstest.console.dll, TestRunRequest.ExecuteAsync: Creating test run request.
TpTrace Verbose: 0 : 49800, 1, 2022/09/14, 01:14:19.559, 6396410142781, vstest.console.dll, TestRunRequest.ExecuteAsync: Starting.
TpTrace Information: 0 : 49800, 1, 2022/09/14, 01:14:19.559, 6396410150234, vstest.console.dll, TestRunRequest.ExecuteAsync: Starting run with settings:TestRunCriteria:
   KeepAlive=False,FrequencyOfRunStatsChangeEvent=10,RunStatsChangeEventTimeout=00:00:01.5000000,TestCaseFilter=,TestExecutorLauncher=
   Settingsxml=<RunSettings>
  <RunConfiguration>
    <ResultsDirectory>C:\Users\2145670\Downloads\my microservice\Account Microservice\AccountMicroserviceTest\bin\Debug\net5.0\fine-code-coverage\coverage-tool-output</ResultsDirectory>
    <TargetPlatform>X64</TargetPlatform>
    <TargetFrameworkVersion>.NETCoreApp,Version=v5.0</TargetFrameworkVersion>
    <DesignMode>False</DesignMode>
    <CollectSourceInformation>False</CollectSourceInformation>
  </RunConfiguration>
  <LoggerRunSettings>
    <Loggers>
      <Logger friendlyName="blame" enabled="True" />
      <Logger friendlyName="Console" uri="logger://microsoft/TestPlatform/ConsoleLogger/v1" assemblyQualifiedName="Microsoft.VisualStudio.TestPlatform.CommandLine.Internal.ConsoleLogger, vstest.console, Version=15.0.0.0, Culture=neutral, PublicKeyToken=b03f5f7f11d50a3a" codeBase="C:\Program Files\dotnet\sdk\5.0.408\vstest.console.dll" enabled="True" />
    </Loggers>
  </LoggerRunSettings>
  <DataCollectionRunSettings>
    <DataCollectors>
      <DataCollector friendlyName="blame" enabled="True">
        <Configuration>
          <ResultsDirectory>C:\Users\2145670\Downloads\my microservice\Account Microservice\AccountMicroserviceTest\bin\Debug\net5.0\fine-code-coverage\coverage-tool-output</ResultsDirectory>
        </Configuration>
      </DataCollector>
    </DataCollectors>
  </DataCollectionRunSettings>
</RunSettings>

TpTrace Verbose: 0 : 49800, 1, 2022/09/14, 01:14:19.560, 6396410152097, vstest.console.dll, TestRunRequest.ExecuteAsync: Wait for the first run request is over.
TpTrace Verbose: 0 : 49800, 1, 2022/09/14, 01:14:19.561, 6396410163203, vstest.console.dll, ParallelProxyExecutionManager: Start execution. Total sources: 1
TpTrace Information: 0 : 49800, 1, 2022/09/14, 01:14:19.562, 6396410176386, vstest.console.dll, ProxyParallelExecutionManager: Triggering test run for next source: C:\Users\2145670\Downloads\my microservice\Account Microservice\AccountMicroserviceTest\bin\Debug\net5.0\fine-code-coverage\build-output\AccountMicroserviceTest.dll
TpTrace Verbose: 0 : 49800, 4, 2022/09/14, 01:14:19.562, 6396410180328, vstest.console.dll, ParallelProxyExecutionManager: Execution started. Started clients: 1
TpTrace Verbose: 0 : 49800, 1, 2022/09/14, 01:14:19.563, 6396410181203, vstest.console.dll, ProxyParallelExecutionManager: No sources available for execution.
TpTrace Information: 0 : 49800, 1, 2022/09/14, 01:14:19.563, 6396410183715, vstest.console.dll, TestRunRequest.ExecuteAsync: Started.
TpTrace Verbose: 0 : 49800, 1, 2022/09/14, 01:14:19.563, 6396410185335, vstest.console.dll, TestRunRequest.WaitForCompletion: Waiting with timeout -1.
TpTrace Verbose: 0 : 49800, 4, 2022/09/14, 01:14:19.563, 6396410187347, vstest.console.dll, TestRunRequest:SendTestRunMessage: Starting.
TpTrace Information: 0 : 49800, 4, 2022/09/14, 01:14:19.563, 6396410190096, vstest.console.dll, TestRunRequest:SendTestRunMessage: Completed.
TpTrace Verbose: 0 : 49800, 4, 2022/09/14, 01:14:19.564, 6396410192965, vstest.console.dll, ProxyExecutionManager: Test host is always Lazy initialize.
TpTrace Verbose: 0 : 49800, 4, 2022/09/14, 01:14:19.564, 6396410196557, vstest.console.dll, TestRequestSender.InitializeCommunication: initialize communication. 
TpTrace Information: 0 : 49800, 4, 2022/09/14, 01:14:19.565, 6396410205488, vstest.console.dll, SocketServer.Start: Listening on endpoint : 127.0.0.1:51011
TpTrace Verbose: 0 : 49800, 4, 2022/09/14, 01:14:19.566, 6396410219737, vstest.console.dll, DotnetTestHostmanager: Adding  --runtimeconfig "C:\Users\2145670\Downloads\my microservice\Account Microservice\AccountMicroserviceTest\bin\Debug\net5.0\fine-code-coverage\build-output\AccountMicroserviceTest.runtimeconfig.json" in args
TpTrace Verbose: 0 : 49800, 4, 2022/09/14, 01:14:19.567, 6396410222145, vstest.console.dll, DotnetTestHostmanager: Adding  --depsfile "C:\Users\2145670\Downloads\my microservice\Account Microservice\AccountMicroserviceTest\bin\Debug\net5.0\fine-code-coverage\build-output\AccountMicroserviceTest.deps.json" in args
TpTrace Verbose: 0 : 49800, 4, 2022/09/14, 01:14:19.567, 6396410226841, vstest.console.dll, DotnetTestHostManager: Testhost.exe/testhost.x86.exe found at path: C:\Users\2145670\Downloads\my microservice\Account Microservice\AccountMicroserviceTest\bin\Debug\net5.0\fine-code-coverage\build-output\testhost.exe
TpTrace Verbose: 0 : 49800, 4, 2022/09/14, 01:14:19.567, 6396410228278, vstest.console.dll, DotnetTestHostmanager: Full path of host exe is C:\Users\2145670\Downloads\my microservice\Account Microservice\AccountMicroserviceTest\bin\Debug\net5.0\fine-code-coverage\build-output\testhost.exe
TpTrace Verbose: 0 : 49800, 6, 2022/09/14, 01:14:19.569, 6396410248838, vstest.console.dll, DotnetTestHostManager: Starting process 'C:\Users\2145670\Downloads\my microservice\Account Microservice\AccountMicroserviceTest\bin\Debug\net5.0\fine-code-coverage\build-output\testhost.exe' with command line ' --runtimeconfig "C:\Users\2145670\Downloads\my microservice\Account Microservice\AccountMicroserviceTest\bin\Debug\net5.0\fine-code-coverage\build-output\AccountMicroserviceTest.runtimeconfig.json" --depsfile "C:\Users\2145670\Downloads\my microservice\Account Microservice\AccountMicroserviceTest\bin\Debug\net5.0\fine-code-coverage\build-output\AccountMicroserviceTest.deps.json" --port 51011 --endpoint 127.0.0.1:051011 --role client --parentprocessid 49800 --diag "C:\Users\2145670\Downloads\my microservice\Account Microservice\AccountMicroserviceTest\bin\Debug\net5.0\fine-code-coverage\coverage-tool-output\diagnostics.host.22-09-14_01-14-19_56612_4.log" --tracelevel 4 --datacollectionport 51010 --telemetryoptedin false'
TpTrace Verbose: 0 : 49800, 6, 2022/09/14, 01:14:19.579, 6396410350855, vstest.console.dll, Test Runtime launched
TpTrace Verbose: 0 : 49800, 4, 2022/09/14, 01:14:19.581, 6396410365898, vstest.console.dll, TestRequestSender.WaitForRequestHandlerConnection: waiting for connection with timeout: 90000
TpTrace Verbose: 0 : 49800, 13, 2022/09/14, 01:14:20.097, 6396415526246, vstest.console.dll, SocketServer.OnClientConnected: Client connected for endPoint: 127.0.0.1:51011, starting MessageLoopAsync:
TpTrace Verbose: 0 : 49800, 6, 2022/09/14, 01:14:20.098, 6396415531171, vstest.console.dll, TcpClientExtensions.MessageLoopAsync: Polling on remoteEndPoint: 127.0.0.1:51012 localEndPoint: 127.0.0.1:51011
TpTrace Verbose: 0 : 49800, 6, 2022/09/14, 01:14:20.369, 6396418242264, vstest.console.dll, TcpClientExtensions.MessageLoopAsync: NotifyDataAvailable remoteEndPoint: 127.0.0.1:51012 localEndPoint: 127.0.0.1:51011
TpTrace Verbose: 0 : 49800, 6, 2022/09/14, 01:14:20.369, 6396418249458, vstest.console.dll, TestRequestSender.CheckVersionWithTestHost: onMessageReceived received message: (ProtocolVersion) -> 5
TpTrace Verbose: 0 : 49800, 6, 2022/09/14, 01:14:20.371, 6396418262114, vstest.console.dll, TcpClientExtensions.MessageLoopAsync: Polling on remoteEndPoint: 127.0.0.1:51012 localEndPoint: 127.0.0.1:51011
TpTrace Verbose: 0 : 49800, 4, 2022/09/14, 01:14:20.371, 6396418265211, vstest.console.dll, TestPluginCache.GetExtensionPaths: Filtered extension paths: 
TpTrace Verbose: 0 : 49800, 4, 2022/09/14, 01:14:20.371, 6396418267442, vstest.console.dll, TestPluginCache.GetExtensionPaths: Added default extension paths: C:\Program Files\dotnet\sdk\5.0.408\Extensions\Microsoft.Diagnostics.NETCore.Client.dll
C:\Program Files\dotnet\sdk\5.0.408\Extensions\Microsoft.TestPlatform.Extensions.BlameDataCollector.dll
C:\Program Files\dotnet\sdk\5.0.408\Extensions\Microsoft.TestPlatform.Extensions.EventLogCollector.dll
C:\Program Files\dotnet\sdk\5.0.408\Extensions\Microsoft.TestPlatform.TestHostRuntimeProvider.dll
C:\Program Files\dotnet\sdk\5.0.408\Extensions\Microsoft.VisualStudio.TestPlatform.Extensions.Html.TestLogger.dll
C:\Program Files\dotnet\sdk\5.0.408\Extensions\Microsoft.VisualStudio.TestPlatform.Extensions.Trx.TestLogger.dll
TpTrace Verbose: 0 : 49800, 4, 2022/09/14, 01:14:20.371, 6396418270221, vstest.console.dll, TestPluginCache.GetExtensionPaths: Added unfilterableExtensionPaths: 
TpTrace Verbose: 0 : 49800, 4, 2022/09/14, 01:14:20.382, 6396418373633, vstest.console.dll, TestRequestSender.InitializeExecution: Sending initializing execution with message: {"Version":5,"MessageType":"TestExecution.Initialize","Payload":["C:\\Users\\2145670\\Downloads\\my microservice\\Account Microservice\\AccountMicroserviceTest\\bin\\Debug\\net5.0\\fine-code-coverage\\build-output\\NUnit3.TestAdapter.dll"]}
TpTrace Verbose: 0 : 49800, 6, 2022/09/14, 01:14:20.397, 6396418527284, vstest.console.dll, TcpClientExtensions.MessageLoopAsync: NotifyDataAvailable remoteEndPoint: 127.0.0.1:51012 localEndPoint: 127.0.0.1:51011
TpTrace Verbose: 0 : 49800, 6, 2022/09/14, 01:14:20.398, 6396418531243, vstest.console.dll, TestRequestSender.OnExecutionMessageReceived: Received message: {"Version":5,"MessageType":"TestSession.Message","Payload":{"MessageLevel":0,"Message":"Logging TestHost Diagnostics in file: C:\\Users\\2145670\\Downloads\\my microservice\\Account Microservice\\AccountMicroserviceTest\\bin\\Debug\\net5.0\\fine-code-coverage\\coverage-tool-output\\diagnostics.host.22-09-14_01-14-19_56612_4.log"}}
TpTrace Verbose: 0 : 49800, 4, 2022/09/14, 01:14:20.402, 6396418571817, vstest.console.dll, TestRequestSender.StartTestRun: Sending test run with message: {"Version":5,"MessageType":"TestExecution.StartWithSources","Payload":{"AdapterSourceMap":{"_none_":["C:\\Users\\2145670\\Downloads\\my microservice\\Account Microservice\\AccountMicroserviceTest\\bin\\Debug\\net5.0\\fine-code-coverage\\build-output\\AccountMicroserviceTest.dll"]},"RunSettings":"<RunSettings>\r\n  <RunConfiguration>\r\n    <ResultsDirectory>C:\\Users\\2145670\\Downloads\\my microservice\\Account Microservice\\AccountMicroserviceTest\\bin\\Debug\\net5.0\\fine-code-coverage\\coverage-tool-output</ResultsDirectory>\r\n    <TargetPlatform>X64</TargetPlatform>\r\n    <TargetFrameworkVersion>.NETCoreApp,Version=v5.0</TargetFrameworkVersion>\r\n    <DesignMode>False</DesignMode>\r\n    <CollectSourceInformation>False</CollectSourceInformation>\r\n  </RunConfiguration>\r\n  <LoggerRunSettings>\r\n    <Loggers>\r\n      <Logger friendlyName=\"blame\" enabled=\"True\" />\r\n      <Logger friendlyName=\"Console\" uri=\"logger://microsoft/TestPlatform/ConsoleLogger/v1\" assemblyQualifiedName=\"Microsoft.VisualStudio.TestPlatform.CommandLine.Internal.ConsoleLogger, vstest.console, Version=15.0.0.0, Culture=neutral, PublicKeyToken=b03f5f7f11d50a3a\" codeBase=\"C:\\Program Files\\dotnet\\sdk\\5.0.408\\vstest.console.dll\" enabled=\"True\" />\r\n    </Loggers>\r\n  </LoggerRunSettings>\r\n  <DataCollectionRunSettings>\r\n    <DataCollectors>\r\n      <DataCollector friendlyName=\"blame\" enabled=\"True\">\r\n        <Configuration>\r\n          <ResultsDirectory>C:\\Users\\2145670\\Downloads\\my microservice\\Account Microservice\\AccountMicroserviceTest\\bin\\Debug\\net5.0\\fine-code-coverage\\coverage-tool-output</ResultsDirectory>\r\n        </Configuration>\r\n      </DataCollector>\r\n    </DataCollectors>\r\n  </DataCollectionRunSettings>\r\n</RunSettings>","TestExecutionContext":{"FrequencyOfRunStatsChangeEvent":10,"RunStatsChangeEventTimeout":"00:00:01.5000000","InIsolation":false,"KeepAlive":false,"AreTestCaseLevelEventsRequired":false,"IsDebug":false,"TestCaseFilter":null,"FilterOptions":null},"Package":null}}
TpTrace Verbose: 0 : 49800, 6, 2022/09/14, 01:14:20.409, 6396418649492, vstest.console.dll, TestRunRequest:SendTestRunMessage: Starting.
TpTrace Information: 0 : 49800, 6, 2022/09/14, 01:14:20.410, 6396418654021, vstest.console.dll, TestRunRequest:SendTestRunMessage: Completed.
TpTrace Verbose: 0 : 49800, 6, 2022/09/14, 01:14:20.410, 6396418654952, vstest.console.dll, TcpClientExtensions.MessageLoopAsync: Polling on remoteEndPoint: 127.0.0.1:51012 localEndPoint: 127.0.0.1:51011
TpTrace Verbose: 0 : 49800, 6, 2022/09/14, 01:14:20.711, 6396421662278, vstest.console.dll, TcpClientExtensions.MessageLoopAsync: NotifyDataAvailable remoteEndPoint: 127.0.0.1:51012 localEndPoint: 127.0.0.1:51011
TpTrace Verbose: 0 : 49800, 6, 2022/09/14, 01:14:20.711, 6396421665505, vstest.console.dll, TestRequestSender.OnExecutionMessageReceived: Received message: {"Version":5,"MessageType":"TestSession.Message","Payload":{"MessageLevel":0,"Message":"NUnit Adapter 3.17.0.0: Test execution started"}}
TpTrace Verbose: 0 : 49800, 6, 2022/09/14, 01:14:20.712, 6396421673477, vstest.console.dll, TestRunRequest:SendTestRunMessage: Starting.
TpTrace Information: 0 : 49800, 6, 2022/09/14, 01:14:20.712, 6396421680665, vstest.console.dll, TestRunRequest:SendTestRunMessage: Completed.
TpTrace Verbose: 0 : 49800, 6, 2022/09/14, 01:14:20.713, 6396421681640, vstest.console.dll, TcpClientExtensions.MessageLoopAsync: Polling on remoteEndPoint: 127.0.0.1:51012 localEndPoint: 127.0.0.1:51011
TpTrace Verbose: 0 : 49800, 6, 2022/09/14, 01:14:20.787, 6396422426430, vstest.console.dll, TcpClientExtensions.MessageLoopAsync: NotifyDataAvailable remoteEndPoint: 127.0.0.1:51012 localEndPoint: 127.0.0.1:51011
TpTrace Verbose: 0 : 49800, 6, 2022/09/14, 01:14:20.787, 6396422429163, vstest.console.dll, TestRequestSender.OnExecutionMessageReceived: Received message: {"Version":5,"MessageType":"TestSession.Message","Payload":{"MessageLevel":0,"Message":"Running all tests in C:\\Users\\2145670\\Downloads\\my microservice\\Account Microservice\\AccountMicroserviceTest\\bin\\Debug\\net5.0\\fine-code-coverage\\build-output\\AccountMicroserviceTest.dll"}}
TpTrace Verbose: 0 : 49800, 6, 2022/09/14, 01:14:20.788, 6396422433200, vstest.console.dll, TestRunRequest:SendTestRunMessage: Starting.
TpTrace Information: 0 : 49800, 6, 2022/09/14, 01:14:20.788, 6396422434590, vstest.console.dll, TestRunRequest:SendTestRunMessage: Completed.
TpTrace Verbose: 0 : 49800, 6, 2022/09/14, 01:14:20.788, 6396422435309, vstest.console.dll, TcpClientExtensions.MessageLoopAsync: Polling on remoteEndPoint: 127.0.0.1:51012 localEndPoint: 127.0.0.1:51011
TpTrace Verbose: 0 : 49800, 6, 2022/09/14, 01:14:21.042, 6396424971697, vstest.console.dll, TcpClientExtensions.MessageLoopAsync: NotifyDataAvailable remoteEndPoint: 127.0.0.1:51012 localEndPoint: 127.0.0.1:51011
TpTrace Verbose: 0 : 49800, 6, 2022/09/14, 01:14:21.042, 6396424974153, vstest.console.dll, TestRequestSender.OnExecutionMessageReceived: Received message: {"Version":5,"MessageType":"TestSession.Message","Payload":{"MessageLevel":0,"Message":"   NUnit3TestExecutor discovered 14 of 14 NUnit test cases"}}
TpTrace Verbose: 0 : 49800, 6, 2022/09/14, 01:14:21.042, 6396424978655, vstest.console.dll, TestRunRequest:SendTestRunMessage: Starting.
TpTrace Information: 0 : 49800, 6, 2022/09/14, 01:14:21.042, 6396424979680, vstest.console.dll, TestRunRequest:SendTestRunMessage: Completed.
TpTrace Verbose: 0 : 49800, 6, 2022/09/14, 01:14:21.042, 6396424980238, vstest.console.dll, TcpClientExtensions.MessageLoopAsync: Polling on remoteEndPoint: 127.0.0.1:51012 localEndPoint: 127.0.0.1:51011
TpTrace Verbose: 0 : 49800, 6, 2022/09/14, 01:14:21.800, 6396432551638, vstest.console.dll, TcpClientExtensions.MessageLoopAsync: NotifyDataAvailable remoteEndPoint: 127.0.0.1:51012 localEndPoint: 127.0.0.1:51011
TpTrace Verbose: 0 : 49800, 6, 2022/09/14, 01:14:21.800, 6396432556217, vstest.console.dll, TestRequestSender.OnExecutionMessageReceived: Received message: {"Version":5,"MessageType":"TestExecution.StatsChange","Payload":{"NewTestResults":[{"TestCase":{"Id":"975000b8-b531-defe-1cd0-459462fc0da4","FullyQualifiedName":"AccountMicroserviceTest.ControllerTest.AccountControllerTest.AddAccount_BadRequest","DisplayName":"AddAccount_BadRequest","ExecutorUri":"executor://NUnit3TestExecutor","Source":"C:\\Users\\2145670\\Downloads\\my microservice\\Account Microservice\\AccountMicroserviceTest\\bin\\Debug\\net5.0\\fine-code-coverage\\build-output\\AccountMicroserviceTest.dll","CodeFilePath":null,"LineNumber":0,"Properties":[]},"Attachments":[],"Outcome":1,"ErrorMessage":null,"ErrorStackTrace":null,"DisplayName":"AddAccount_BadRequest","Messages":[],"ComputerName":"LTIN346463","Duration":"00:00:00.4353600","StartTime":"2022-09-13T19:44:21.1326235+00:00","EndTime":"2022-09-13T19:44:21.5677483+00:00","Properties":[]},{"TestCase":{"Id":"be23f044-ce5b-a668-fd79-14dab5d8cf3c","FullyQualifiedName":"AccountMicroserviceTest.ControllerTest.AccountControllerTest.AddAccountTest_Ok","DisplayName":"AddAccountTest_Ok","ExecutorUri":"executor://NUnit3TestExecutor","Source":"C:\\Users\\2145670\\Downloads\\my microservice\\Account Microservice\\AccountMicroserviceTest\\bin\\Debug\\net5.0\\fine-code-coverage\\build-output\\AccountMicroserviceTest.dll","CodeFilePath":null,"LineNumber":0,"Properties":[]},"Attachments":[],"Outcome":1,"ErrorMessage":null,"ErrorStackTrace":null,"DisplayName":"AddAccountTest_Ok","Messages":[],"ComputerName":"LTIN346463","Duration":"00:00:00.0234540","StartTime":"2022-09-13T19:44:21.5742212+00:00","EndTime":"2022-09-13T19:44:21.5976753+00:00","Properties":[]},{"TestCase":{"Id":"332a97ed-caf1-c993-0126-baf70e984b0a","FullyQualifiedName":"AccountMicroserviceTest.ControllerTest.AccountControllerTest.depositAccountTest_BadRequest","DisplayName":"depositAccountTest_BadRequest","ExecutorUri":"executor://NUnit3TestExecutor","Source":"C:\\Users\\2145670\\Downloads\\my microservice\\Account Microservice\\AccountMicroserviceTest\\bin\\Debug\\net5.0\\fine-code-coverage\\build-output\\AccountMicroserviceTest.dll","CodeFilePath":null,"LineNumber":0,"Properties":[]},"Attachments":[],"Outcome":1,"ErrorMessage":null,"ErrorStackTrace":null,"DisplayName":"depositAccountTest_BadRequest","Messages":[],"ComputerName":"LTIN346463","Duration":"00:00:00.0087200","StartTime":"2022-09-13T19:44:21.5977439+00:00","EndTime":"2022-09-13T19:44:21.6064618+00:00","Properties":[]},{"TestCase":{"Id":"249b5316-3128-d98f-8957-2e80760b937d","FullyQualifiedName":"AccountMicroserviceTest.ControllerTest.AccountControllerTest.depositAccountTest_Ok","DisplayName":"depositAccountTest_Ok","ExecutorUri":"executor://NUnit3TestExecutor","Source":"C:\\Users\\2145670\\Downloads\\my microservice\\Account Microservice\\AccountMicroserviceTest\\bin\\Debug\\net5.0\\fine-code-coverage\\build-output\\AccountMicroserviceTest.dll","CodeFilePath":null,"LineNumber":0,"Properties":[]},"Attachments":[],"Outcome":1,"ErrorMessage":null,"ErrorStackTrace":null,"DisplayName":"depositAccountTest_Ok","Messages":[],"ComputerName":"LTIN346463","Duration":"00:00:00.0143780","StartTime":"2022-09-13T19:44:21.6065015+00:00","EndTime":"2022-09-13T19:44:21.6208756+00:00","Properties":[]},{"TestCase":{"Id":"895c7b65-dd39-64b7-ef88-655e71664696","FullyQualifiedName":"AccountMicroserviceTest.ControllerTest.AccountControllerTest.getAccountStatementTest_BadRequest","DisplayName":"getAccountStatementTest_BadRequest","ExecutorUri":"executor://NUnit3TestExecutor","Source":"C:\\Users\\2145670\\Downloads\\my microservice\\Account Microservice\\AccountMicroserviceTest\\bin\\Debug\\net5.0\\fine-code-coverage\\build-output\\AccountMicroserviceTest.dll","CodeFilePath":null,"LineNumber":0,"Properties":[]},"Attachments":[],"Outcome":2,"ErrorMessage":"  Expected: <Microsoft.AspNetCore.Mvc.NotFoundResult>\r\n  But was:  <Microsoft.AspNetCore.Mvc.NotFoundObjectResult>\r\n","ErrorStackTrace":"   at AccountMicroserviceTest.ControllerTest.AccountControllerTest.getAccountStatementTest_BadRequest() in C:\\Users\\2145670\\Downloads\\my microservice\\Account Microservice\\AccountMicroserviceTest\\ControllerTest\\AccountControllerTest.cs:line 201\r\n","DisplayName":"getAccountStatementTest_BadRequest","Messages":[],"ComputerName":"LTIN346463","Duration":"00:00:00.0768850","StartTime":"2022-09-13T19:44:21.6209395+00:00","EndTime":"2022-09-13T19:44:21.6978228+00:00","Properties":[]},{"TestCase":{"Id":"5442d5d2-e153-0edf-030a-e640bcd276c5","FullyQualifiedName":"AccountMicroserviceTest.ControllerTest.AccountControllerTest.getAccountStatementTest_Ok","DisplayName":"getAccountStatementTest_Ok","ExecutorUri":"executor://NUnit3TestExecutor","Source":"C:\\Users\\2145670\\Downloads\\my microservice\\Account Microservice\\AccountMicroserviceTest\\bin\\Debug\\net5.0\\fine-code-coverage\\build-output\\AccountMicroserviceTest.dll","CodeFilePath":null,"LineNumber":0,"Properties":[]},"Attachments":[],"Outcome":2,"ErrorMessage":"  Expected: <Microsoft.AspNetCore.Mvc.OkObjectResult>\r\n  But was:  <Microsoft.AspNetCore.Mvc.NotFoundObjectResult>\r\n","ErrorStackTrace":"   at AccountMicroserviceTest.ControllerTest.AccountControllerTest.getAccountStatementTest_Ok() in C:\\Users\\2145670\\Downloads\\my microservice\\Account Microservice\\AccountMicroserviceTest\\ControllerTest\\AccountControllerTest.cs:line 186\r\n","DisplayName":"getAccountStatementTest_Ok","Messages":[],"ComputerName":"LTIN346463","Duration":"00:00:00.0044550","StartTime":"2022-09-13T19:44:21.6980925+00:00","EndTime":"2022-09-13T19:44:21.702548+00:00","Properties":[]},{"TestCase":{"Id":"52c62885-9fa1-9df9-dba8-eea4540abc9d","FullyQualifiedName":"AccountMicroserviceTest.ControllerTest.AccountControllerTest.getAccountTest_BadRequest","DisplayName":"getAccountTest_BadRequest","ExecutorUri":"executor://NUnit3TestExecutor","Source":"C:\\Users\\2145670\\Downloads\\my microservice\\Account Microservice\\AccountMicroserviceTest\\bin\\Debug\\net5.0\\fine-code-coverage\\build-output\\AccountMicroserviceTest.dll","CodeFilePath":null,"LineNumber":0,"Properties":[]},"Attachments":[],"Outcome":1,"ErrorMessage":null,"ErrorStackTrace":null,"DisplayName":"getAccountTest_BadRequest","Messages":[],"ComputerName":"LTIN346463","Duration":"00:00:00.0029160","StartTime":"2022-09-13T19:44:21.702579+00:00","EndTime":"2022-09-13T19:44:21.7054937+00:00","Properties":[]},{"TestCase":{"Id":"bbb52770-7b0a-bf1c-e296-19b8f44ef1d7","FullyQualifiedName":"AccountMicroserviceTest.ControllerTest.AccountControllerTest.getAccountTest_Ok","DisplayName":"getAccountTest_Ok","ExecutorUri":"executor://NUnit3TestExecutor","Source":"C:\\Users\\2145670\\Downloads\\my microservice\\Account Microservice\\AccountMicroserviceTest\\bin\\Debug\\net5.0\\fine-code-coverage\\build-output\\AccountMicroserviceTest.dll","CodeFilePath":null,"LineNumber":0,"Properties":[]},"Attachments":[],"Outcome":1,"ErrorMessage":null,"ErrorStackTrace":null,"DisplayName":"getAccountTest_Ok","Messages":[],"ComputerName":"LTIN346463","Duration":"00:00:00.0021400","StartTime":"2022-09-13T19:44:21.7055368+00:00","EndTime":"2022-09-13T19:44:21.7076753+00:00","Properties":[]},{"TestCase":{"Id":"37e5856c-5a68-4cca-3343-125d68628514","FullyQualifiedName":"AccountMicroserviceTest.ControllerTest.AccountControllerTest.getAllCustomerAccountsTest_Ok","DisplayName":"getAllCustomerAccountsTest_Ok","ExecutorUri":"executor://NUnit3TestExecutor","Source":"C:\\Users\\2145670\\Downloads\\my microservice\\Account Microservice\\AccountMicroserviceTest\\bin\\Debug\\net5.0\\fine-code-coverage\\build-output\\AccountMicroserviceTest.dll","CodeFilePath":null,"LineNumber":0,"Properties":[]},"Attachments":[],"Outcome":1,"ErrorMessage":null,"ErrorStackTrace":null,"DisplayName":"getAllCustomerAccountsTest_Ok","Messages":[],"ComputerName":"LTIN346463","Duration":"00:00:00.0031240","StartTime":"2022-09-13T19:44:21.7077199+00:00","EndTime":"2022-09-13T19:44:21.7108413+00:00","Properties":[]}],"TestRunStatistics":{"ExecutedTests":9,"Stats":{"Passed":7,"Failed":2}},"ActiveTests":[{"Id":"cfcb6234-4d78-3bff-fced-d3bd21a674f3","FullyQualifiedName":"AccountMicroserviceTest.ControllerTest.AccountControllerTest.getCustomerAccountsTest_BadRequest","DisplayName":"getCustomerAccountsTest_BadRequest","ExecutorUri":"executor://NUnit3TestExecutor","Source":"C:\\Users\\2145670\\Downloads\\my microservice\\Account Microservice\\AccountMicroserviceTest\\bin\\Debug\\net5.0\\fine-code-coverage\\build-output\\AccountMicroserviceTest.dll","CodeFilePath":null,"LineNumber":0,"Properties":[]}]}}
TpTrace Verbose: 0 : 49800, 6, 2022/09/14, 01:14:21.849, 6396433041259, vstest.console.dll, TestRunRequest:SendTestRunStatsChange: Starting.
TpTrace Verbose: 0 : 49800, 6, 2022/09/14, 01:14:21.849, 6396433043677, vstest.console.dll, InProgress is getCustomerAccountsTest_BadRequest
TpTrace Information: 0 : 49800, 6, 2022/09/14, 01:14:21.849, 6396433046842, vstest.console.dll, TestRunRequest:SendTestRunStatsChange: Completed.
TpTrace Verbose: 0 : 49800, 6, 2022/09/14, 01:14:21.849, 6396433047733, vstest.console.dll, TcpClientExtensions.MessageLoopAsync: Polling on remoteEndPoint: 127.0.0.1:51012 localEndPoint: 127.0.0.1:51011
TpTrace Verbose: 0 : 49800, 6, 2022/09/14, 01:14:21.849, 6396433048415, vstest.console.dll, TcpClientExtensions.MessageLoopAsync: NotifyDataAvailable remoteEndPoint: 127.0.0.1:51012 localEndPoint: 127.0.0.1:51011
TpTrace Verbose: 0 : 49800, 6, 2022/09/14, 01:14:21.849, 6396433049148, vstest.console.dll, TestRequestSender.OnExecutionMessageReceived: Received message: {"Version":5,"MessageType":"TestSession.Message","Payload":{"MessageLevel":0,"Message":"NUnit Adapter 3.17.0.0: Test execution complete"}}
TpTrace Verbose: 0 : 49800, 6, 2022/09/14, 01:14:21.849, 6396433050808, vstest.console.dll, TestRunRequest:SendTestRunMessage: Starting.
TpTrace Information: 0 : 49800, 6, 2022/09/14, 01:14:21.850, 6396433051374, vstest.console.dll, TestRunRequest:SendTestRunMessage: Completed.
TpTrace Verbose: 0 : 49800, 6, 2022/09/14, 01:14:21.850, 6396433052009, vstest.console.dll, TcpClientExtensions.MessageLoopAsync: Polling on remoteEndPoint: 127.0.0.1:51012 localEndPoint: 127.0.0.1:51011
TpTrace Verbose: 0 : 49800, 6, 2022/09/14, 01:14:21.870, 6396433255683, vstest.console.dll, TcpClientExtensions.MessageLoopAsync: NotifyDataAvailable remoteEndPoint: 127.0.0.1:51012 localEndPoint: 127.0.0.1:51011
TpTrace Verbose: 0 : 49800, 6, 2022/09/14, 01:14:21.870, 6396433260550, vstest.console.dll, TestRequestSender.OnExecutionMessageReceived: Received message: {"Version":5,"MessageType":"TestExecution.Completed","Payload":{"TestRunCompleteArgs":{"TestRunStatistics":{"ExecutedTests":14,"Stats":{"Passed":12,"Failed":2}},"IsCanceled":false,"IsAborted":false,"Error":null,"AttachmentSets":[],"ElapsedTimeInRunningTests":"00:00:01.1594450","Metrics":{}},"LastRunTests":{"NewTestResults":[{"TestCase":{"Id":"cfcb6234-4d78-3bff-fced-d3bd21a674f3","FullyQualifiedName":"AccountMicroserviceTest.ControllerTest.AccountControllerTest.getCustomerAccountsTest_BadRequest","DisplayName":"getCustomerAccountsTest_BadRequest","ExecutorUri":"executor://NUnit3TestExecutor","Source":"C:\\Users\\2145670\\Downloads\\my microservice\\Account Microservice\\AccountMicroserviceTest\\bin\\Debug\\net5.0\\fine-code-coverage\\build-output\\AccountMicroserviceTest.dll","CodeFilePath":null,"LineNumber":0,"Properties":[]},"Attachments":[],"Outcome":1,"ErrorMessage":null,"ErrorStackTrace":null,"DisplayName":"getCustomerAccountsTest_BadRequest","Messages":[],"ComputerName":"LTIN346463","Duration":"00:00:00.0031170","StartTime":"2022-09-13T19:44:21.7108903+00:00","EndTime":"2022-09-13T19:44:21.7140045+00:00","Properties":[]},{"TestCase":{"Id":"e1ef0ba1-9d8b-b6dc-d26b-89219e1f4e87","FullyQualifiedName":"AccountMicroserviceTest.ControllerTest.AccountControllerTest.getCustomerAccountsTest_Ok","DisplayName":"getCustomerAccountsTest_Ok","ExecutorUri":"executor://NUnit3TestExecutor","Source":"C:\\Users\\2145670\\Downloads\\my microservice\\Account Microservice\\AccountMicroserviceTest\\bin\\Debug\\net5.0\\fine-code-coverage\\build-output\\AccountMicroserviceTest.dll","CodeFilePath":null,"LineNumber":0,"Properties":[]},"Attachments":[],"Outcome":1,"ErrorMessage":null,"ErrorStackTrace":null,"DisplayName":"getCustomerAccountsTest_Ok","Messages":[],"ComputerName":"LTIN346463","Duration":"00:00:00.0014679","StartTime":"2022-09-13T19:44:21.7140479+00:00","EndTime":"2022-09-13T19:44:21.7155137+00:00","Properties":[]},{"TestCase":{"Id":"23cdd1b2-caa1-d767-6976-9cbd225e1785","FullyQualifiedName":"AccountMicroserviceTest.ControllerTest.AccountControllerTest.withdrawAccountTest_BadRequest","DisplayName":"withdrawAccountTest_BadRequest","ExecutorUri":"executor://NUnit3TestExecutor","Source":"C:\\Users\\2145670\\Downloads\\my microservice\\Account Microservice\\AccountMicroserviceTest\\bin\\Debug\\net5.0\\fine-code-coverage\\build-output\\AccountMicroserviceTest.dll","CodeFilePath":null,"LineNumber":0,"Properties":[]},"Attachments":[],"Outcome":1,"ErrorMessage":null,"ErrorStackTrace":null,"DisplayName":"withdrawAccountTest_BadRequest","Messages":[],"ComputerName":"LTIN346463","Duration":"00:00:00.0052509","StartTime":"2022-09-13T19:44:21.7155425+00:00","EndTime":"2022-09-13T19:44:21.7207905+00:00","Properties":[]},{"TestCase":{"Id":"42fada92-222f-edea-eb05-b3841ff2e9ba","FullyQualifiedName":"AccountMicroserviceTest.ControllerTest.AccountControllerTest.withdrawAccountTest_Ok","DisplayName":"withdrawAccountTest_Ok","ExecutorUri":"executor://NUnit3TestExecutor","Source":"C:\\Users\\2145670\\Downloads\\my microservice\\Account Microservice\\AccountMicroserviceTest\\bin\\Debug\\net5.0\\fine-code-coverage\\build-output\\AccountMicroserviceTest.dll","CodeFilePath":null,"LineNumber":0,"Properties":[]},"Attachments":[],"Outcome":1,"ErrorMessage":null,"ErrorStackTrace":null,"DisplayName":"withdrawAccountTest_Ok","Messages":[],"ComputerName":"LTIN346463","Duration":"00:00:00.0035500","StartTime":"2022-09-13T19:44:21.7208345+00:00","EndTime":"2022-09-13T19:44:21.7243817+00:00","Properties":[]},{"TestCase":{"Id":"f87a20b7-0e5a-4656-e016-79b59ac091c2","FullyQualifiedName":"AccountMicroserviceTest.Tests.Test1","DisplayName":"Test1","ExecutorUri":"executor://NUnit3TestExecutor","Source":"C:\\Users\\2145670\\Downloads\\my microservice\\Account Microservice\\AccountMicroserviceTest\\bin\\Debug\\net5.0\\fine-code-coverage\\build-output\\AccountMicroserviceTest.dll","CodeFilePath":null,"LineNumber":0,"Properties":[]},"Attachments":[],"Outcome":1,"ErrorMessage":null,"ErrorStackTrace":null,"DisplayName":"Test1","Messages":[],"ComputerName":"LTIN346463","Duration":"00:00:00.0044980","StartTime":"2022-09-13T19:44:21.7291697+00:00","EndTime":"2022-09-13T19:44:21.733666+00:00","Properties":[]}],"TestRunStatistics":{"ExecutedTests":14,"Stats":{"Passed":12,"Failed":2}},"ActiveTests":[]},"RunAttachments":[],"ExecutorUris":["executor://nunit3testexecutor/"]}}
TpTrace Verbose: 0 : 49800, 6, 2022/09/14, 01:14:21.871, 6396433270031, vstest.console.dll, TestRequestSender.EndSession: Sending end session.
TpTrace Verbose: 0 : 49800, 6, 2022/09/14, 01:14:21.872, 6396433275215, vstest.console.dll, ProxyOperationManager.Close: waiting for test host to exit for 100 ms
TpTrace Warning: 0 : 49800, 6, 2022/09/14, 01:14:21.982, 6396434371845, vstest.console.dll, ProxyOperationManager: Timed out waiting for test host to exit. Will terminate process.
TpTrace Verbose: 0 : 49800, 6, 2022/09/14, 01:14:21.988, 6396434432598, vstest.console.dll, ProxyDataCollectionManager.InvokeDataCollectionServiceAction: Starting.
TpTrace Information: 0 : 49800, 6, 2022/09/14, 01:14:21.988, 6396434434730, vstest.console.dll, ProxyDataCollectionManager.AfterTestRunEnd: Get attachment set for datacollector processId: 15348 port: 51008
TpTrace Verbose: 0 : 49800, 6, 2022/09/14, 01:14:21.988, 6396434436052, vstest.console.dll, DataCollectionRequestSender.SendAfterTestRunStartAndGetResult : Send AfterTestRunEnd message with isCancelled: False
TpTrace Verbose: 0 : 49800, 6, 2022/09/14, 01:14:21.998, 6396434536054, vstest.console.dll, DataCollectionRequestSender.SendAfterTestRunStartAndGetResult : Received message: (DataCollection.AfterTestRunEndResult) -> {
  "AttachmentSets": [],
  "Metrics": {}
}
TpTrace Information: 0 : 49800, 6, 2022/09/14, 01:14:22.004, 6396434591967, vstest.console.dll, ProxyDataCollectionManager.InvokeDataCollectionServiceAction: Completed.
TpTrace Warning: 0 : 49800, 9, 2022/09/14, 01:14:22.015, 6396434704341, vstest.console.dll, DataCollectionLauncher.ErrorReceivedCallback datacollector standard error line: 
TpTrace Information: 0 : 49800, 7, 2022/09/14, 01:14:22.024, 6396434795471, vstest.console.dll, DataCollectionLauncher.ExitCallBack: Data collector exited with exitcode: 0 error: ''
TpTrace Verbose: 0 : 49800, 6, 2022/09/14, 01:14:22.048, 6396435031995, vstest.console.dll, TestRunRequest:SendTestRunStatsChange: Starting.
TpTrace Information: 0 : 49800, 6, 2022/09/14, 01:14:22.048, 6396435033801, vstest.console.dll, TestRunRequest:SendTestRunStatsChange: Completed.
TpTrace Verbose: 0 : 49800, 6, 2022/09/14, 01:14:22.048, 6396435036007, vstest.console.dll, ParallelProxyExecutionManager: HandlePartialRunComplete: Total completed clients = 1, Run complete = True, Run canceled: False.
TpTrace Verbose: 0 : 49800, 6, 2022/09/14, 01:14:22.094, 6396435492160, vstest.console.dll, TestRunRequest:TestRunComplete: Starting. IsAborted:False IsCanceled:False.
TpTrace Verbose: 0 : 49800, 6, 2022/09/14, 01:14:22.095, 6396435501829, vstest.console.dll, TestLoggerManager.HandleTestRunComplete: Ignoring as the object is disposed.
TpTrace Information: 0 : 49800, 6, 2022/09/14, 01:14:22.096, 6396435512735, vstest.console.dll, TestRunRequest:TestRunComplete: Completed.
TpTrace Verbose: 0 : 49800, 1, 2022/09/14, 01:14:22.096, 6396435513455, vstest.console.dll, TestRunRequest.Dispose: Starting.
TpTrace Verbose: 0 : 49800, 6, 2022/09/14, 01:14:22.096, 6396435515210, vstest.console.dll, TestRequestSender.SetOperationComplete: Setting operation complete.
TpTrace Information: 0 : 49800, 1, 2022/09/14, 01:14:22.096, 6396435518171, vstest.console.dll, TestRunRequest.Dispose: Completed.
TpTrace Information: 0 : 49800, 6, 2022/09/14, 01:14:22.097, 6396435522627, vstest.console.dll, SocketServer.Stop: Stop server endPoint: 127.0.0.1:51011
TpTrace Information: 0 : 49800, 1, 2022/09/14, 01:14:22.097, 6396435523418, vstest.console.dll, TestRequestManager.RunTests: run tests completed.
TpTrace Information: 0 : 49800, 6, 2022/09/14, 01:14:22.097, 6396435524407, vstest.console.dll, SocketServer.Stop: Cancellation requested. Stopping message loop.
TpTrace Information: 0 : 49800, 1, 2022/09/14, 01:14:22.097, 6396435525814, vstest.console.dll, RunTestsArgumentProcessor:Execute: Test run is completed.
TpTrace Information: 0 : 49800, 6, 2022/09/14, 01:14:22.097, 6396435526029, vstest.console.dll, SocketServer.PrivateStop: Stop server endPoint: 127.0.0.1:51011 error: 
TpTrace Verbose: 0 : 49800, 1, 2022/09/14, 01:14:22.097, 6396435529129, vstest.console.dll, Executor.Execute: Exiting with exit code of 1
